[0.010s] Invoking command in '/home/bartek/dev_ws/build/my_bot': CMAKE_PREFIX_PATH=${CMAKE_PREFIX_PATH}:/opt/ros/humble /usr/bin/cmake /home/bartek/dev_ws/src/my_bot-main -DCMAKE_INSTALL_PREFIX=/home/bartek/dev_ws/install/my_bot
[0.020s] -- Found ament_cmake: 1.3.12 (/opt/ros/humble/share/ament_cmake/cmake)
[0.116s] -- Override CMake install command with custom implementation using symlinks instead of copying resources
[0.121s] -- Found ament_lint_auto: 0.12.14 (/opt/ros/humble/share/ament_lint_auto/cmake)
[0.174s] -- Added test 'copyright' to check source files copyright and LICENSE
[0.176s] -- Added test 'flake8' to check Python code syntax and style conventions
[0.176s] -- Added test 'lint_cmake' to check CMake code style
[0.177s] -- Added test 'pep257' to check Python code against some of the docstring style conventions in PEP 257
[0.178s] -- Added test 'xmllint' to check XML markup files
[0.178s] -- Configuring done
[0.181s] -- Generating done
[0.182s] -- Build files have been written to: /home/bartek/dev_ws/build/my_bot
[0.185s] Invoked command in '/home/bartek/dev_ws/build/my_bot' returned '0': CMAKE_PREFIX_PATH=${CMAKE_PREFIX_PATH}:/opt/ros/humble /usr/bin/cmake /home/bartek/dev_ws/src/my_bot-main -DCMAKE_INSTALL_PREFIX=/home/bartek/dev_ws/install/my_bot
[0.187s] Invoking command in '/home/bartek/dev_ws/build/my_bot': CMAKE_PREFIX_PATH=${CMAKE_PREFIX_PATH}:/opt/ros/humble /usr/bin/cmake --build /home/bartek/dev_ws/build/my_bot -- -j12 -l12
[0.220s] Invoked command in '/home/bartek/dev_ws/build/my_bot' returned '0': CMAKE_PREFIX_PATH=${CMAKE_PREFIX_PATH}:/opt/ros/humble /usr/bin/cmake --build /home/bartek/dev_ws/build/my_bot -- -j12 -l12
[0.230s] Invoking command in '/home/bartek/dev_ws/build/my_bot': CMAKE_PREFIX_PATH=${CMAKE_PREFIX_PATH}:/opt/ros/humble /usr/bin/cmake --install /home/bartek/dev_ws/build/my_bot
[0.237s] -- Install configuration: ""
[0.237s] -- Execute custom install script
[0.237s] -- Up-to-date symlink: /home/bartek/dev_ws/install/my_bot/share/my_bot/config/empty.yaml
[0.237s] -- Up-to-date symlink: /home/bartek/dev_ws/install/my_bot/share/my_bot/description/robot.urdf.xacro
[0.238s] -- Symlinking: /home/bartek/dev_ws/install/my_bot/share/my_bot/description/robot_core.xacro
[0.246s] -- Up-to-date symlink: /home/bartek/dev_ws/install/my_bot/share/my_bot/launch/rsp.launch.py
[0.246s] -- Up-to-date symlink: /home/bartek/dev_ws/install/my_bot/share/my_bot/worlds/empty.world
[0.246s] -- Up-to-date symlink: /home/bartek/dev_ws/install/my_bot/share/ament_index/resource_index/package_run_dependencies/my_bot
[0.246s] -- Up-to-date symlink: /home/bartek/dev_ws/install/my_bot/share/ament_index/resource_index/parent_prefix_path/my_bot
[0.246s] -- Up-to-date symlink: /home/bartek/dev_ws/install/my_bot/share/my_bot/environment/ament_prefix_path.sh
[0.247s] -- Up-to-date symlink: /home/bartek/dev_ws/install/my_bot/share/my_bot/environment/ament_prefix_path.dsv
[0.247s] -- Up-to-date symlink: /home/bartek/dev_ws/install/my_bot/share/my_bot/environment/path.sh
[0.247s] -- Up-to-date symlink: /home/bartek/dev_ws/install/my_bot/share/my_bot/environment/path.dsv
[0.247s] -- Up-to-date symlink: /home/bartek/dev_ws/install/my_bot/share/my_bot/local_setup.bash
[0.247s] -- Up-to-date symlink: /home/bartek/dev_ws/install/my_bot/share/my_bot/local_setup.sh
[0.247s] -- Up-to-date symlink: /home/bartek/dev_ws/install/my_bot/share/my_bot/local_setup.zsh
[0.247s] -- Up-to-date symlink: /home/bartek/dev_ws/install/my_bot/share/my_bot/local_setup.dsv
[0.247s] -- Symlinking: /home/bartek/dev_ws/install/my_bot/share/my_bot/package.dsv
[0.257s] -- Up-to-date symlink: /home/bartek/dev_ws/install/my_bot/share/ament_index/resource_index/packages/my_bot
[0.257s] -- Up-to-date symlink: /home/bartek/dev_ws/install/my_bot/share/my_bot/cmake/my_botConfig.cmake
[0.257s] -- Up-to-date symlink: /home/bartek/dev_ws/install/my_bot/share/my_bot/cmake/my_botConfig-version.cmake
[0.257s] -- Up-to-date symlink: /home/bartek/dev_ws/install/my_bot/share/my_bot/package.xml
[0.259s] Invoked command in '/home/bartek/dev_ws/build/my_bot' returned '0': CMAKE_PREFIX_PATH=${CMAKE_PREFIX_PATH}:/opt/ros/humble /usr/bin/cmake --install /home/bartek/dev_ws/build/my_bot
