[0.010s] Invoking command in '/home/bartek/dev_ws/build/my_bot': CMAKE_PREFIX_PATH=${CMAKE_PREFIX_PATH}:/home/bartek/install/my_r2d2_description:/home/bartek/install/gazebo_tutorial:/opt/ros/humble /usr/bin/cmake /home/bartek/dev_ws/src/my_bot-main -DAMENT_CMAKE_SYMLINK_INSTALL=1 -DCMAKE_INSTALL_PREFIX=/home/bartek/dev_ws/install/my_bot
[0.021s] -- Found ament_cmake: 1.3.12 (/opt/ros/humble/share/ament_cmake/cmake)
[0.122s] -- Override CMake install command with custom implementation using symlinks instead of copying resources
[0.129s] -- Found ament_lint_auto: 0.12.14 (/opt/ros/humble/share/ament_lint_auto/cmake)
[0.189s] -- Added test 'copyright' to check source files copyright and LICENSE
[0.199s] -- Added test 'flake8' to check Python code syntax and style conventions
[0.200s] -- Added test 'lint_cmake' to check CMake code style
[0.200s] -- Added test 'pep257' to check Python code against some of the docstring style conventions in PEP 257
[0.205s] -- Added test 'xmllint' to check XML markup files
[0.206s] -- Configuring done
[0.210s] -- Generating done
[0.211s] -- Build files have been written to: /home/bartek/dev_ws/build/my_bot
[0.214s] Invoked command in '/home/bartek/dev_ws/build/my_bot' returned '0': CMAKE_PREFIX_PATH=${CMAKE_PREFIX_PATH}:/home/bartek/install/my_r2d2_description:/home/bartek/install/gazebo_tutorial:/opt/ros/humble /usr/bin/cmake /home/bartek/dev_ws/src/my_bot-main -DAMENT_CMAKE_SYMLINK_INSTALL=1 -DCMAKE_INSTALL_PREFIX=/home/bartek/dev_ws/install/my_bot
[0.216s] Invoking command in '/home/bartek/dev_ws/build/my_bot': CMAKE_PREFIX_PATH=${CMAKE_PREFIX_PATH}:/home/bartek/install/my_r2d2_description:/home/bartek/install/gazebo_tutorial:/opt/ros/humble /usr/bin/cmake --build /home/bartek/dev_ws/build/my_bot -- -j12 -l12
[0.254s] Invoked command in '/home/bartek/dev_ws/build/my_bot' returned '0': CMAKE_PREFIX_PATH=${CMAKE_PREFIX_PATH}:/home/bartek/install/my_r2d2_description:/home/bartek/install/gazebo_tutorial:/opt/ros/humble /usr/bin/cmake --build /home/bartek/dev_ws/build/my_bot -- -j12 -l12
[0.264s] Invoking command in '/home/bartek/dev_ws/build/my_bot': CMAKE_PREFIX_PATH=${CMAKE_PREFIX_PATH}:/home/bartek/install/my_r2d2_description:/home/bartek/install/gazebo_tutorial:/opt/ros/humble /usr/bin/cmake --install /home/bartek/dev_ws/build/my_bot
[0.271s] -- Install configuration: ""
[0.271s] -- Execute custom install script
[0.272s] -- Up-to-date symlink: /home/bartek/dev_ws/install/my_bot/share/my_bot/config/empty.yaml
[0.272s] -- Up-to-date symlink: /home/bartek/dev_ws/install/my_bot/share/my_bot/config/view_bot.rviz
[0.272s] -- Symlinking: /home/bartek/dev_ws/install/my_bot/share/my_bot/description/camera.xacro
[0.280s] -- Up-to-date symlink: /home/bartek/dev_ws/install/my_bot/share/my_bot/description/gazebo_control.xacro
[0.281s] -- Up-to-date symlink: /home/bartek/dev_ws/install/my_bot/share/my_bot/description/lidar.xacro
[0.281s] -- Up-to-date symlink: /home/bartek/dev_ws/install/my_bot/share/my_bot/description/robot.urdf.xacro
[0.281s] -- Up-to-date symlink: /home/bartek/dev_ws/install/my_bot/share/my_bot/description/robot_core.xacro
[0.281s] -- Up-to-date symlink: /home/bartek/dev_ws/install/my_bot/share/my_bot/launch/launch_sim.launch.py
[0.281s] -- Up-to-date symlink: /home/bartek/dev_ws/install/my_bot/share/my_bot/launch/rsp.launch.py
[0.281s] -- Up-to-date symlink: /home/bartek/dev_ws/install/my_bot/share/my_bot/worlds/empty.world
[0.281s] -- Up-to-date symlink: /home/bartek/dev_ws/install/my_bot/share/my_bot/worlds/obstacles.world
[0.281s] -- Up-to-date symlink: /home/bartek/dev_ws/install/my_bot/share/ament_index/resource_index/package_run_dependencies/my_bot
[0.281s] -- Up-to-date symlink: /home/bartek/dev_ws/install/my_bot/share/ament_index/resource_index/parent_prefix_path/my_bot
[0.281s] -- Up-to-date symlink: /home/bartek/dev_ws/install/my_bot/share/my_bot/environment/ament_prefix_path.sh
[0.282s] -- Up-to-date symlink: /home/bartek/dev_ws/install/my_bot/share/my_bot/environment/ament_prefix_path.dsv
[0.282s] -- Up-to-date symlink: /home/bartek/dev_ws/install/my_bot/share/my_bot/environment/path.sh
[0.282s] -- Up-to-date symlink: /home/bartek/dev_ws/install/my_bot/share/my_bot/environment/path.dsv
[0.282s] -- Up-to-date symlink: /home/bartek/dev_ws/install/my_bot/share/my_bot/local_setup.bash
[0.282s] -- Up-to-date symlink: /home/bartek/dev_ws/install/my_bot/share/my_bot/local_setup.sh
[0.282s] -- Up-to-date symlink: /home/bartek/dev_ws/install/my_bot/share/my_bot/local_setup.zsh
[0.282s] -- Up-to-date symlink: /home/bartek/dev_ws/install/my_bot/share/my_bot/local_setup.dsv
[0.282s] -- Symlinking: /home/bartek/dev_ws/install/my_bot/share/my_bot/package.dsv
[0.292s] -- Up-to-date symlink: /home/bartek/dev_ws/install/my_bot/share/ament_index/resource_index/packages/my_bot
[0.292s] -- Up-to-date symlink: /home/bartek/dev_ws/install/my_bot/share/my_bot/cmake/my_botConfig.cmake
[0.292s] -- Up-to-date symlink: /home/bartek/dev_ws/install/my_bot/share/my_bot/cmake/my_botConfig-version.cmake
[0.292s] -- Up-to-date symlink: /home/bartek/dev_ws/install/my_bot/share/my_bot/package.xml
[0.294s] Invoked command in '/home/bartek/dev_ws/build/my_bot' returned '0': CMAKE_PREFIX_PATH=${CMAKE_PREFIX_PATH}:/home/bartek/install/my_r2d2_description:/home/bartek/install/gazebo_tutorial:/opt/ros/humble /usr/bin/cmake --install /home/bartek/dev_ws/build/my_bot
