[0.010s] Invoking command in '/home/bartek/dev_ws/build/my_bot': CMAKE_PREFIX_PATH=${CMAKE_PREFIX_PATH}:/opt/ros/humble /usr/bin/cmake /home/bartek/dev_ws/src/my_bot-main -DAMENT_CMAKE_SYMLINK_INSTALL=1 -DCMAKE_INSTALL_PREFIX=/home/bartek/dev_ws/install/my_bot
[0.020s] -- Found ament_cmake: 1.3.12 (/opt/ros/humble/share/ament_cmake/cmake)
[0.107s] -- Override CMake install command with custom implementation using symlinks instead of copying resources
[0.113s] -- Found ament_lint_auto: 0.12.14 (/opt/ros/humble/share/ament_lint_auto/cmake)
[0.164s] -- Added test 'copyright' to check source files copyright and LICENSE
[0.173s] -- Added test 'flake8' to check Python code syntax and style conventions
[0.174s] -- Added test 'lint_cmake' to check CMake code style
[0.175s] -- Added test 'pep257' to check Python code against some of the docstring style conventions in PEP 257
[0.180s] -- Added test 'xmllint' to check XML markup files
[0.180s] -- Configuring done
[0.183s] -- Generating done
[0.184s] -- Build files have been written to: /home/bartek/dev_ws/build/my_bot
[0.186s] Invoked command in '/home/bartek/dev_ws/build/my_bot' returned '0': CMAKE_PREFIX_PATH=${CMAKE_PREFIX_PATH}:/opt/ros/humble /usr/bin/cmake /home/bartek/dev_ws/src/my_bot-main -DAMENT_CMAKE_SYMLINK_INSTALL=1 -DCMAKE_INSTALL_PREFIX=/home/bartek/dev_ws/install/my_bot
[0.188s] Invoking command in '/home/bartek/dev_ws/build/my_bot': CMAKE_PREFIX_PATH=${CMAKE_PREFIX_PATH}:/opt/ros/humble /usr/bin/cmake --build /home/bartek/dev_ws/build/my_bot -- -j12 -l12
[0.224s] Invoked command in '/home/bartek/dev_ws/build/my_bot' returned '0': CMAKE_PREFIX_PATH=${CMAKE_PREFIX_PATH}:/opt/ros/humble /usr/bin/cmake --build /home/bartek/dev_ws/build/my_bot -- -j12 -l12
[0.234s] Invoking command in '/home/bartek/dev_ws/build/my_bot': CMAKE_PREFIX_PATH=${CMAKE_PREFIX_PATH}:/opt/ros/humble /usr/bin/cmake --install /home/bartek/dev_ws/build/my_bot
[0.240s] -- Install configuration: ""
[0.241s] -- Execute custom install script
[0.241s] -- Up-to-date symlink: /home/bartek/dev_ws/install/my_bot/share/my_bot/config/empty.yaml
[0.241s] -- Symlinking: /home/bartek/dev_ws/install/my_bot/share/my_bot/config/view_bot.rviz
[0.249s] -- Up-to-date symlink: /home/bartek/dev_ws/install/my_bot/share/my_bot/description/robot.urdf.xacro
[0.249s] -- Up-to-date symlink: /home/bartek/dev_ws/install/my_bot/share/my_bot/description/robot_core.xacro
[0.249s] -- Symlinking: /home/bartek/dev_ws/install/my_bot/share/my_bot/launch/launch_sim.launch.py
[0.258s] -- Up-to-date symlink: /home/bartek/dev_ws/install/my_bot/share/my_bot/launch/rsp.launch.py
[0.258s] -- Up-to-date symlink: /home/bartek/dev_ws/install/my_bot/share/my_bot/worlds/empty.world
[0.258s] -- Up-to-date symlink: /home/bartek/dev_ws/install/my_bot/share/ament_index/resource_index/package_run_dependencies/my_bot
[0.258s] -- Up-to-date symlink: /home/bartek/dev_ws/install/my_bot/share/ament_index/resource_index/parent_prefix_path/my_bot
[0.258s] -- Up-to-date symlink: /home/bartek/dev_ws/install/my_bot/share/my_bot/environment/ament_prefix_path.sh
[0.258s] -- Up-to-date symlink: /home/bartek/dev_ws/install/my_bot/share/my_bot/environment/ament_prefix_path.dsv
[0.258s] -- Up-to-date symlink: /home/bartek/dev_ws/install/my_bot/share/my_bot/environment/path.sh
[0.259s] -- Up-to-date symlink: /home/bartek/dev_ws/install/my_bot/share/my_bot/environment/path.dsv
[0.259s] -- Up-to-date symlink: /home/bartek/dev_ws/install/my_bot/share/my_bot/local_setup.bash
[0.259s] -- Up-to-date symlink: /home/bartek/dev_ws/install/my_bot/share/my_bot/local_setup.sh
[0.259s] -- Up-to-date symlink: /home/bartek/dev_ws/install/my_bot/share/my_bot/local_setup.zsh
[0.259s] -- Up-to-date symlink: /home/bartek/dev_ws/install/my_bot/share/my_bot/local_setup.dsv
[0.259s] -- Symlinking: /home/bartek/dev_ws/install/my_bot/share/my_bot/package.dsv
[0.267s] -- Up-to-date symlink: /home/bartek/dev_ws/install/my_bot/share/ament_index/resource_index/packages/my_bot
[0.267s] -- Up-to-date symlink: /home/bartek/dev_ws/install/my_bot/share/my_bot/cmake/my_botConfig.cmake
[0.267s] -- Up-to-date symlink: /home/bartek/dev_ws/install/my_bot/share/my_bot/cmake/my_botConfig-version.cmake
[0.267s] -- Up-to-date symlink: /home/bartek/dev_ws/install/my_bot/share/my_bot/package.xml
[0.270s] Invoked command in '/home/bartek/dev_ws/build/my_bot' returned '0': CMAKE_PREFIX_PATH=${CMAKE_PREFIX_PATH}:/opt/ros/humble /usr/bin/cmake --install /home/bartek/dev_ws/build/my_bot
