[0.011s] Invoking command in '/home/bartek/dev_ws/build/my_bot': CMAKE_PREFIX_PATH=${CMAKE_PREFIX_PATH}:/opt/ros/humble /usr/bin/cmake --build /home/bartek/dev_ws/build/my_bot -- -j12 -l12
[0.051s] Invoked command in '/home/bartek/dev_ws/build/my_bot' returned '0': CMAKE_PREFIX_PATH=${CMAKE_PREFIX_PATH}:/opt/ros/humble /usr/bin/cmake --build /home/bartek/dev_ws/build/my_bot -- -j12 -l12
[0.060s] Invoking command in '/home/bartek/dev_ws/build/my_bot': CMAKE_PREFIX_PATH=${CMAKE_PREFIX_PATH}:/opt/ros/humble /usr/bin/cmake --install /home/bartek/dev_ws/build/my_bot
[0.066s] -- Install configuration: ""
[0.067s] -- Execute custom install script
[0.067s] -- Up-to-date symlink: /home/bartek/dev_ws/install/my_bot/share/my_bot/config/empty.yaml
[0.067s] -- Up-to-date symlink: /home/bartek/dev_ws/install/my_bot/share/my_bot/config/view_bot.rviz
[0.067s] -- Up-to-date symlink: /home/bartek/dev_ws/install/my_bot/share/my_bot/description/gazebo_control.xacro
[0.067s] -- Symlinking: /home/bartek/dev_ws/install/my_bot/share/my_bot/description/lidar.xacro
[0.075s] -- Up-to-date symlink: /home/bartek/dev_ws/install/my_bot/share/my_bot/description/robot.urdf.xacro
[0.075s] -- Up-to-date symlink: /home/bartek/dev_ws/install/my_bot/share/my_bot/description/robot_core.xacro
[0.075s] -- Up-to-date symlink: /home/bartek/dev_ws/install/my_bot/share/my_bot/launch/launch_sim.launch.py
[0.075s] -- Up-to-date symlink: /home/bartek/dev_ws/install/my_bot/share/my_bot/launch/rsp.launch.py
[0.075s] -- Up-to-date symlink: /home/bartek/dev_ws/install/my_bot/share/my_bot/worlds/empty.world
[0.075s] -- Up-to-date symlink: /home/bartek/dev_ws/install/my_bot/share/my_bot/worlds/obstacles.world
[0.075s] -- Up-to-date symlink: /home/bartek/dev_ws/install/my_bot/share/ament_index/resource_index/package_run_dependencies/my_bot
[0.075s] -- Up-to-date symlink: /home/bartek/dev_ws/install/my_bot/share/ament_index/resource_index/parent_prefix_path/my_bot
[0.075s] -- Up-to-date symlink: /home/bartek/dev_ws/install/my_bot/share/my_bot/environment/ament_prefix_path.sh
[0.076s] -- Up-to-date symlink: /home/bartek/dev_ws/install/my_bot/share/my_bot/environment/ament_prefix_path.dsv
[0.076s] -- Up-to-date symlink: /home/bartek/dev_ws/install/my_bot/share/my_bot/environment/path.sh
[0.076s] -- Up-to-date symlink: /home/bartek/dev_ws/install/my_bot/share/my_bot/environment/path.dsv
[0.076s] -- Up-to-date symlink: /home/bartek/dev_ws/install/my_bot/share/my_bot/local_setup.bash
[0.076s] -- Up-to-date symlink: /home/bartek/dev_ws/install/my_bot/share/my_bot/local_setup.sh
[0.076s] -- Up-to-date symlink: /home/bartek/dev_ws/install/my_bot/share/my_bot/local_setup.zsh
[0.076s] -- Up-to-date symlink: /home/bartek/dev_ws/install/my_bot/share/my_bot/local_setup.dsv
[0.076s] -- Symlinking: /home/bartek/dev_ws/install/my_bot/share/my_bot/package.dsv
[0.083s] -- Up-to-date symlink: /home/bartek/dev_ws/install/my_bot/share/ament_index/resource_index/packages/my_bot
[0.083s] -- Up-to-date symlink: /home/bartek/dev_ws/install/my_bot/share/my_bot/cmake/my_botConfig.cmake
[0.083s] -- Up-to-date symlink: /home/bartek/dev_ws/install/my_bot/share/my_bot/cmake/my_botConfig-version.cmake
[0.084s] -- Up-to-date symlink: /home/bartek/dev_ws/install/my_bot/share/my_bot/package.xml
[0.086s] Invoked command in '/home/bartek/dev_ws/build/my_bot' returned '0': CMAKE_PREFIX_PATH=${CMAKE_PREFIX_PATH}:/opt/ros/humble /usr/bin/cmake --install /home/bartek/dev_ws/build/my_bot
